<?xml version="1.0" encoding="UTF-8"?>
<!-- Generated by org.testng.reporters.JUnitReportReporter -->
<testsuite hostname="DESKTOP-1659AS4" failures="0" tests="7" name="com.example.CalculatorTest" time="0.025" errors="0" timestamp="2023-11-09T11:24:06 IST" skipped="0">
  <testcase classname="com.example.CalculatorTest" name="testDivide" time="0.000"/>
  <testcase classname="com.example.CalculatorTest" name="testMultiply" time="0.010"/>
  <testcase classname="com.example.CalculatorTest" name="testAdd2" time="0.015"/>
  <testcase classname="com.example.CalculatorTest" name="testAdd2" time="0.000"/>
  <testcase classname="com.example.CalculatorTest" name="testadd" time="0.000"/>
  <testcase classname="com.example.CalculatorTest" name="testAdd2" time="0.000"/>
  <testcase classname="com.example.CalculatorTest" name="testSubtract" time="0.000"/>
</testsuite> <!-- com.example.CalculatorTest -->
