<?xml version="1.0" encoding="UTF-8"?>
<!-- Generated by org.testng.reporters.JUnitReportReporter -->
<testsuite hostname="DESKTOP-1659AS4" failures="0" tests="1" name="com.example.AppTest" time="0.000" errors="0" timestamp="2023-11-09T10:43:19 IST" skipped="0">
  <testcase classname="com.example.AppTest" name="testApp" time="0.000"/>
</testsuite> <!-- com.example.AppTest -->
