<?xml version="1.0" encoding="UTF-8"?>
<!-- Generated by org.testng.reporters.JUnitReportReporter -->
<testsuite hostname="DESKTOP-1659AS4" failures="0" tests="4" name="com.example.CalculatorTest" time="0.001" errors="0" timestamp="2023-11-09T10:43:19 IST" skipped="0">
  <testcase classname="com.example.CalculatorTest" name="testDivide" time="0.000"/>
  <testcase classname="com.example.CalculatorTest" name="testSubtract" time="0.000"/>
  <testcase classname="com.example.CalculatorTest" name="testMultiply" time="0.000"/>
  <testcase classname="com.example.CalculatorTest" name="testadd" time="0.001"/>
</testsuite> <!-- com.example.CalculatorTest -->
